<?xml version="1.0" encoding="UTF-8"?>
<!-- Generated by org.testng.reporters.JUnitReportReporter -->
<testsuite hostname="ZSCHN01LP0391" failures="0" tests="4" name="testScripts.ArticlePage" time="4.002" errors="0" timestamp="2024-02-13T19:12:43 IST" skipped="0">
  <testcase classname="testScripts.ArticlePage" name="loginTest" time="0.398"/>
  <system-out/>
  <testcase classname="testScripts.ArticlePage" name="newArticle" time="2.209"/>
  <system-out/>
  <testcase classname="testScripts.ArticlePage" name="update_Article" time="1.288"/>
  <system-out/>
  <testcase classname="testScripts.ArticlePage" name="delete_Article" time="0.107"/>
  <system-out/>
</testsuite> <!-- testScripts.ArticlePage -->
